1764469640.646621 client started (58559): version 3.6, socket /tmp/tmux-1000/default, protocol 8
1764469640.646633 on Linux 6.17.9-arch1-1 #1 SMP PREEMPT_DYNAMIC Mon, 24 Nov 2025 15:21:09 +0000
1764469640.646635 using libevent 2.1.12-stable poll
1764469640.646636 using ncurses 6.5 20240427
1764469640.646642 flags are 0x10010000
1764469640.646646 socket is /tmp/tmux-1000/default
1764469640.646651 trying connect
1764469640.646666 add peer 0x5610fb9d0930: 6 ((nil))
1764469640.646794 sending message 111 to peer 0x5610fb9d0930 (8 bytes)
1764469640.646798 sending message 111 to peer 0x5610fb9d0930 (8 bytes)
1764469640.646799 sending message 101 to peer 0x5610fb9d0930 (14 bytes)
1764469640.646800 sending message 109 to peer 0x5610fb9d0930 (4 bytes)
1764469640.646801 sending message 102 to peer 0x5610fb9d0930 (11 bytes)
1764469640.646802 sending message 108 to peer 0x5610fb9d0930 (28 bytes)
1764469640.646803 sending message 112 to peer 0x5610fb9d0930 (70 bytes)
1764469640.646804 sending message 112 to peer 0x5610fb9d0930 (5 bytes)
1764469640.646805 sending message 112 to peer 0x5610fb9d0930 (5 bytes)
1764469640.646806 sending message 112 to peer 0x5610fb9d0930 (6 bytes)
1764469640.646807 sending message 112 to peer 0x5610fb9d0930 (6 bytes)
1764469640.646808 sending message 112 to peer 0x5610fb9d0930 (11 bytes)
1764469640.646808 sending message 112 to peer 0x5610fb9d0930 (10 bytes)
1764469640.646809 sending message 112 to peer 0x5610fb9d0930 (13 bytes)
1764469640.646810 sending message 112 to peer 0x5610fb9d0930 (13 bytes)
1764469640.646811 sending message 112 to peer 0x5610fb9d0930 (18 bytes)
1764469640.646812 sending message 112 to peer 0x5610fb9d0930 (11 bytes)
1764469640.646813 sending message 112 to peer 0x5610fb9d0930 (10 bytes)
1764469640.646814 sending message 112 to peer 0x5610fb9d0930 (15 bytes)
1764469640.646815 sending message 112 to peer 0x5610fb9d0930 (21 bytes)
1764469640.646816 sending message 112 to peer 0x5610fb9d0930 (13 bytes)
1764469640.646817 sending message 112 to peer 0x5610fb9d0930 (7 bytes)
1764469640.646818 sending message 112 to peer 0x5610fb9d0930 (13 bytes)
1764469640.646819 sending message 112 to peer 0x5610fb9d0930 (7 bytes)
1764469640.646820 sending message 112 to peer 0x5610fb9d0930 (13 bytes)
1764469640.646821 sending message 112 to peer 0x5610fb9d0930 (9 bytes)
1764469640.646821 sending message 112 to peer 0x5610fb9d0930 (21 bytes)
1764469640.646822 sending message 112 to peer 0x5610fb9d0930 (13 bytes)
1764469640.646823 sending message 112 to peer 0x5610fb9d0930 (8 bytes)
1764469640.646824 sending message 112 to peer 0x5610fb9d0930 (12 bytes)
1764469640.646825 sending message 112 to peer 0x5610fb9d0930 (13 bytes)
1764469640.646826 sending message 112 to peer 0x5610fb9d0930 (9 bytes)
1764469640.646827 sending message 112 to peer 0x5610fb9d0930 (9 bytes)
1764469640.646828 sending message 112 to peer 0x5610fb9d0930 (12 bytes)
1764469640.646829 sending message 112 to peer 0x5610fb9d0930 (8 bytes)
1764469640.646830 sending message 112 to peer 0x5610fb9d0930 (8 bytes)
1764469640.646830 sending message 112 to peer 0x5610fb9d0930 (7 bytes)
1764469640.646831 sending message 112 to peer 0x5610fb9d0930 (7 bytes)
1764469640.646832 sending message 112 to peer 0x5610fb9d0930 (9 bytes)
1764469640.646833 sending message 112 to peer 0x5610fb9d0930 (13 bytes)
1764469640.646834 sending message 112 to peer 0x5610fb9d0930 (6 bytes)
1764469640.646835 sending message 112 to peer 0x5610fb9d0930 (9 bytes)
1764469640.646836 sending message 112 to peer 0x5610fb9d0930 (15 bytes)
1764469640.646837 sending message 112 to peer 0x5610fb9d0930 (13 bytes)
1764469640.646838 sending message 112 to peer 0x5610fb9d0930 (12 bytes)
1764469640.646839 sending message 112 to peer 0x5610fb9d0930 (8 bytes)
1764469640.646839 sending message 112 to peer 0x5610fb9d0930 (14 bytes)
1764469640.646840 sending message 112 to peer 0x5610fb9d0930 (11 bytes)
1764469640.646841 sending message 112 to peer 0x5610fb9d0930 (9 bytes)
1764469640.646842 sending message 112 to peer 0x5610fb9d0930 (10 bytes)
1764469640.646843 sending message 112 to peer 0x5610fb9d0930 (10 bytes)
1764469640.646847 sending message 112 to peer 0x5610fb9d0930 (10 bytes)
1764469640.646848 sending message 112 to peer 0x5610fb9d0930 (10 bytes)
1764469640.646849 sending message 112 to peer 0x5610fb9d0930 (11 bytes)
1764469640.646850 sending message 112 to peer 0x5610fb9d0930 (12 bytes)
1764469640.646851 sending message 112 to peer 0x5610fb9d0930 (12 bytes)
1764469640.646852 sending message 112 to peer 0x5610fb9d0930 (12 bytes)
1764469640.646853 sending message 112 to peer 0x5610fb9d0930 (12 bytes)
1764469640.646854 sending message 112 to peer 0x5610fb9d0930 (12 bytes)
1764469640.646854 sending message 112 to peer 0x5610fb9d0930 (11 bytes)
1764469640.646855 sending message 112 to peer 0x5610fb9d0930 (11 bytes)
1764469640.646856 sending message 112 to peer 0x5610fb9d0930 (12 bytes)
1764469640.646857 sending message 112 to peer 0x5610fb9d0930 (12 bytes)
1764469640.646858 sending message 112 to peer 0x5610fb9d0930 (12 bytes)
1764469640.646859 sending message 112 to peer 0x5610fb9d0930 (12 bytes)
1764469640.646860 sending message 112 to peer 0x5610fb9d0930 (12 bytes)
1764469640.646861 sending message 112 to peer 0x5610fb9d0930 (10 bytes)
1764469640.646862 sending message 112 to peer 0x5610fb9d0930 (12 bytes)
1764469640.646863 sending message 112 to peer 0x5610fb9d0930 (13 bytes)
1764469640.646864 sending message 112 to peer 0x5610fb9d0930 (13 bytes)
1764469640.646865 sending message 112 to peer 0x5610fb9d0930 (13 bytes)
1764469640.646866 sending message 112 to peer 0x5610fb9d0930 (13 bytes)
1764469640.646867 sending message 112 to peer 0x5610fb9d0930 (13 bytes)
1764469640.646868 sending message 112 to peer 0x5610fb9d0930 (8 bytes)
1764469640.646868 sending message 112 to peer 0x5610fb9d0930 (11 bytes)
1764469640.646869 sending message 112 to peer 0x5610fb9d0930 (11 bytes)
1764469640.646870 sending message 112 to peer 0x5610fb9d0930 (11 bytes)
1764469640.646871 sending message 112 to peer 0x5610fb9d0930 (12 bytes)
1764469640.646872 sending message 112 to peer 0x5610fb9d0930 (12 bytes)
1764469640.646873 sending message 112 to peer 0x5610fb9d0930 (12 bytes)
1764469640.646874 sending message 112 to peer 0x5610fb9d0930 (12 bytes)
1764469640.646875 sending message 112 to peer 0x5610fb9d0930 (13 bytes)
1764469640.646876 sending message 112 to peer 0x5610fb9d0930 (13 bytes)
1764469640.646877 sending message 112 to peer 0x5610fb9d0930 (13 bytes)
1764469640.646878 sending message 112 to peer 0x5610fb9d0930 (8 bytes)
1764469640.646879 sending message 112 to peer 0x5610fb9d0930 (13 bytes)
1764469640.646880 sending message 112 to peer 0x5610fb9d0930 (13 bytes)
1764469640.646881 sending message 112 to peer 0x5610fb9d0930 (13 bytes)
1764469640.646882 sending message 112 to peer 0x5610fb9d0930 (13 bytes)
1764469640.646883 sending message 112 to peer 0x5610fb9d0930 (13 bytes)
1764469640.646884 sending message 112 to peer 0x5610fb9d0930 (12 bytes)
1764469640.646884 sending message 112 to peer 0x5610fb9d0930 (12 bytes)
1764469640.646885 sending message 112 to peer 0x5610fb9d0930 (12 bytes)
1764469640.646886 sending message 112 to peer 0x5610fb9d0930 (12 bytes)
1764469640.646887 sending message 112 to peer 0x5610fb9d0930 (13 bytes)
1764469640.646888 sending message 112 to peer 0x5610fb9d0930 (8 bytes)
1764469640.646889 sending message 112 to peer 0x5610fb9d0930 (13 bytes)
1764469640.646890 sending message 112 to peer 0x5610fb9d0930 (13 bytes)
1764469640.646891 sending message 112 to peer 0x5610fb9d0930 (13 bytes)
1764469640.646892 sending message 112 to peer 0x5610fb9d0930 (13 bytes)
1764469640.646893 sending message 112 to peer 0x5610fb9d0930 (13 bytes)
1764469640.646894 sending message 112 to peer 0x5610fb9d0930 (13 bytes)
1764469640.646895 sending message 112 to peer 0x5610fb9d0930 (13 bytes)
1764469640.646896 sending message 112 to peer 0x5610fb9d0930 (12 bytes)
1764469640.646897 sending message 112 to peer 0x5610fb9d0930 (12 bytes)
1764469640.646898 sending message 112 to peer 0x5610fb9d0930 (12 bytes)
1764469640.646899 sending message 112 to peer 0x5610fb9d0930 (8 bytes)
1764469640.646900 sending message 112 to peer 0x5610fb9d0930 (12 bytes)
1764469640.646902 sending message 112 to peer 0x5610fb9d0930 (13 bytes)
1764469640.646903 sending message 112 to peer 0x5610fb9d0930 (13 bytes)
1764469640.646904 sending message 112 to peer 0x5610fb9d0930 (13 bytes)
1764469640.646905 sending message 112 to peer 0x5610fb9d0930 (13 bytes)
1764469640.646906 sending message 112 to peer 0x5610fb9d0930 (13 bytes)
1764469640.646907 sending message 112 to peer 0x5610fb9d0930 (13 bytes)
1764469640.646908 sending message 112 to peer 0x5610fb9d0930 (13 bytes)
1764469640.646909 sending message 112 to peer 0x5610fb9d0930 (13 bytes)
1764469640.646909 sending message 112 to peer 0x5610fb9d0930 (12 bytes)
1764469640.646910 sending message 112 to peer 0x5610fb9d0930 (10 bytes)
1764469640.646911 sending message 112 to peer 0x5610fb9d0930 (12 bytes)
1764469640.646912 sending message 112 to peer 0x5610fb9d0930 (12 bytes)
1764469640.646913 sending message 112 to peer 0x5610fb9d0930 (12 bytes)
1764469640.646914 sending message 112 to peer 0x5610fb9d0930 (13 bytes)
1764469640.646915 sending message 112 to peer 0x5610fb9d0930 (13 bytes)
1764469640.646916 sending message 112 to peer 0x5610fb9d0930 (13 bytes)
1764469640.646917 sending message 112 to peer 0x5610fb9d0930 (13 bytes)
1764469640.646918 sending message 112 to peer 0x5610fb9d0930 (13 bytes)
1764469640.646919 sending message 112 to peer 0x5610fb9d0930 (13 bytes)
1764469640.646920 sending message 112 to peer 0x5610fb9d0930 (13 bytes)
1764469640.646921 sending message 112 to peer 0x5610fb9d0930 (10 bytes)
1764469640.646921 sending message 112 to peer 0x5610fb9d0930 (13 bytes)
1764469640.646922 sending message 112 to peer 0x5610fb9d0930 (12 bytes)
1764469640.646923 sending message 112 to peer 0x5610fb9d0930 (12 bytes)
1764469640.646924 sending message 112 to peer 0x5610fb9d0930 (12 bytes)
1764469640.646925 sending message 112 to peer 0x5610fb9d0930 (10 bytes)
1764469640.646926 sending message 112 to peer 0x5610fb9d0930 (10 bytes)
1764469640.646927 sending message 112 to peer 0x5610fb9d0930 (10 bytes)
1764469640.646928 sending message 112 to peer 0x5610fb9d0930 (12 bytes)
1764469640.646929 sending message 112 to peer 0x5610fb9d0930 (13 bytes)
1764469640.646930 sending message 112 to peer 0x5610fb9d0930 (13 bytes)
1764469640.646931 sending message 112 to peer 0x5610fb9d0930 (13 bytes)
1764469640.646932 sending message 112 to peer 0x5610fb9d0930 (13 bytes)
1764469640.646933 sending message 112 to peer 0x5610fb9d0930 (13 bytes)
1764469640.646933 sending message 112 to peer 0x5610fb9d0930 (11 bytes)
1764469640.646934 sending message 112 to peer 0x5610fb9d0930 (11 bytes)
1764469640.646935 sending message 112 to peer 0x5610fb9d0930 (12 bytes)
1764469640.646936 sending message 112 to peer 0x5610fb9d0930 (12 bytes)
1764469640.646937 sending message 112 to peer 0x5610fb9d0930 (12 bytes)
1764469640.646938 sending message 112 to peer 0x5610fb9d0930 (12 bytes)
1764469640.646939 sending message 112 to peer 0x5610fb9d0930 (12 bytes)
1764469640.646940 sending message 112 to peer 0x5610fb9d0930 (11 bytes)
1764469640.646941 sending message 112 to peer 0x5610fb9d0930 (12 bytes)
1764469640.646942 sending message 112 to peer 0x5610fb9d0930 (12 bytes)
1764469640.646943 sending message 112 to peer 0x5610fb9d0930 (13 bytes)
1764469640.646944 sending message 112 to peer 0x5610fb9d0930 (13 bytes)
1764469640.646945 sending message 112 to peer 0x5610fb9d0930 (13 bytes)
1764469640.646946 sending message 112 to peer 0x5610fb9d0930 (13 bytes)
1764469640.646946 sending message 112 to peer 0x5610fb9d0930 (13 bytes)
1764469640.646947 sending message 112 to peer 0x5610fb9d0930 (10 bytes)
1764469640.646948 sending message 112 to peer 0x5610fb9d0930 (9 bytes)
1764469640.646953 sending message 112 to peer 0x5610fb9d0930 (12 bytes)
1764469640.646975 sending message 112 to peer 0x5610fb9d0930 (13 bytes)
1764469640.646976 sending message 112 to peer 0x5610fb9d0930 (13 bytes)
1764469640.646977 sending message 112 to peer 0x5610fb9d0930 (13 bytes)
1764469640.646978 sending message 112 to peer 0x5610fb9d0930 (13 bytes)
1764469640.646979 sending message 112 to peer 0x5610fb9d0930 (13 bytes)
1764469640.646981 sending message 112 to peer 0x5610fb9d0930 (9 bytes)
1764469640.646982 sending message 112 to peer 0x5610fb9d0930 (12 bytes)
1764469640.646983 sending message 112 to peer 0x5610fb9d0930 (13 bytes)
1764469640.646984 sending message 112 to peer 0x5610fb9d0930 (13 bytes)
1764469640.646985 sending message 112 to peer 0x5610fb9d0930 (13 bytes)
1764469640.646986 sending message 112 to peer 0x5610fb9d0930 (13 bytes)
1764469640.646987 sending message 112 to peer 0x5610fb9d0930 (13 bytes)
1764469640.646988 sending message 112 to peer 0x5610fb9d0930 (11 bytes)
1764469640.646988 sending message 112 to peer 0x5610fb9d0930 (12 bytes)
1764469640.646989 sending message 112 to peer 0x5610fb9d0930 (13 bytes)
1764469640.646990 sending message 112 to peer 0x5610fb9d0930 (13 bytes)
1764469640.646991 sending message 112 to peer 0x5610fb9d0930 (13 bytes)
1764469640.646992 sending message 112 to peer 0x5610fb9d0930 (13 bytes)
1764469640.646993 sending message 112 to peer 0x5610fb9d0930 (13 bytes)
1764469640.646994 sending message 112 to peer 0x5610fb9d0930 (11 bytes)
1764469640.646995 sending message 112 to peer 0x5610fb9d0930 (12 bytes)
1764469640.647010 sending message 112 to peer 0x5610fb9d0930 (12 bytes)
1764469640.647011 sending message 112 to peer 0x5610fb9d0930 (12 bytes)
1764469640.647012 sending message 112 to peer 0x5610fb9d0930 (12 bytes)
1764469640.647013 sending message 112 to peer 0x5610fb9d0930 (12 bytes)
1764469640.647014 sending message 112 to peer 0x5610fb9d0930 (21 bytes)
1764469640.647015 sending message 112 to peer 0x5610fb9d0930 (12 bytes)
1764469640.647016 sending message 112 to peer 0x5610fb9d0930 (9 bytes)
1764469640.647017 sending message 112 to peer 0x5610fb9d0930 (6 bytes)
1764469640.647018 sending message 112 to peer 0x5610fb9d0930 (13 bytes)
1764469640.647019 sending message 112 to peer 0x5610fb9d0930 (8 bytes)
1764469640.647020 sending message 112 to peer 0x5610fb9d0930 (15 bytes)
1764469640.647021 sending message 112 to peer 0x5610fb9d0930 (13 bytes)
1764469640.647021 sending message 112 to peer 0x5610fb9d0930 (9 bytes)
1764469640.647022 sending message 112 to peer 0x5610fb9d0930 (70 bytes)
1764469640.647023 sending message 112 to peer 0x5610fb9d0930 (69 bytes)
1764469640.647024 sending message 112 to peer 0x5610fb9d0930 (10 bytes)
1764469640.647025 sending message 112 to peer 0x5610fb9d0930 (10 bytes)
1764469640.647026 sending message 112 to peer 0x5610fb9d0930 (8 bytes)
1764469640.647027 sending message 112 to peer 0x5610fb9d0930 (15 bytes)
1764469640.647028 sending message 112 to peer 0x5610fb9d0930 (13 bytes)
1764469640.647029 sending message 112 to peer 0x5610fb9d0930 (10 bytes)
1764469640.647030 sending message 112 to peer 0x5610fb9d0930 (10 bytes)
1764469640.647031 sending message 112 to peer 0x5610fb9d0930 (17 bytes)
1764469640.647032 sending message 112 to peer 0x5610fb9d0930 (10 bytes)
1764469640.647033 sending message 112 to peer 0x5610fb9d0930 (13 bytes)
1764469640.647034 sending message 112 to peer 0x5610fb9d0930 (9 bytes)
1764469640.647035 sending message 112 to peer 0x5610fb9d0930 (5 bytes)
1764469640.647036 sending message 112 to peer 0x5610fb9d0930 (15 bytes)
1764469640.647037 sending message 104 to peer 0x5610fb9d0930 (0 bytes)
1764469640.647038 sending message 110 to peer 0x5610fb9d0930 (0 bytes)
1764469640.647039 sending message 107 to peer 0x5610fb9d0930 (4 bytes)
1764469640.647040 sending message 105 to peer 0x5610fb9d0930 (20 bytes)
1764469640.647041 sending message 105 to peer 0x5610fb9d0930 (54 bytes)
1764469640.647042 sending message 105 to peer 0x5610fb9d0930 (50 bytes)
1764469640.647043 sending message 105 to peer 0x5610fb9d0930 (11 bytes)
1764469640.647044 sending message 105 to peer 0x5610fb9d0930 (64 bytes)
1764469640.647045 sending message 105 to peer 0x5610fb9d0930 (20 bytes)
1764469640.647046 sending message 105 to peer 0x5610fb9d0930 (19 bytes)
1764469640.647047 sending message 105 to peer 0x5610fb9d0930 (22 bytes)
1764469640.647048 sending message 105 to peer 0x5610fb9d0930 (90 bytes)
1764469640.647049 sending message 105 to peer 0x5610fb9d0930 (47 bytes)
1764469640.647051 sending message 105 to peer 0x5610fb9d0930 (23 bytes)
1764469640.647052 sending message 105 to peer 0x5610fb9d0930 (38 bytes)
1764469640.647053 sending message 105 to peer 0x5610fb9d0930 (16 bytes)
1764469640.647054 sending message 105 to peer 0x5610fb9d0930 (60 bytes)
1764469640.647055 sending message 105 to peer 0x5610fb9d0930 (18 bytes)
1764469640.647056 sending message 105 to peer 0x5610fb9d0930 (13 bytes)
1764469640.647057 sending message 105 to peer 0x5610fb9d0930 (8 bytes)
1764469640.647058 sending message 105 to peer 0x5610fb9d0930 (17 bytes)
1764469640.647059 sending message 105 to peer 0x5610fb9d0930 (32 bytes)
1764469640.647060 sending message 105 to peer 0x5610fb9d0930 (1917 bytes)
1764469640.647067 sending message 105 to peer 0x5610fb9d0930 (30 bytes)
1764469640.647068 sending message 105 to peer 0x5610fb9d0930 (15 bytes)
1764469640.647069 sending message 105 to peer 0x5610fb9d0930 (19 bytes)
1764469640.647070 sending message 105 to peer 0x5610fb9d0930 (148 bytes)
1764469640.647071 sending message 105 to peer 0x5610fb9d0930 (51 bytes)
1764469640.647072 sending message 105 to peer 0x5610fb9d0930 (15 bytes)
1764469640.647073 sending message 105 to peer 0x5610fb9d0930 (21 bytes)
1764469640.647074 sending message 105 to peer 0x5610fb9d0930 (44 bytes)
1764469640.647075 sending message 105 to peer 0x5610fb9d0930 (22 bytes)
1764469640.647076 sending message 105 to peer 0x5610fb9d0930 (11 bytes)
1764469640.647077 sending message 105 to peer 0x5610fb9d0930 (104 bytes)
1764469640.647078 sending message 105 to peer 0x5610fb9d0930 (32 bytes)
1764469640.647079 sending message 105 to peer 0x5610fb9d0930 (19 bytes)
1764469640.647080 sending message 105 to peer 0x5610fb9d0930 (8 bytes)
1764469640.647081 sending message 105 to peer 0x5610fb9d0930 (20 bytes)
1764469640.647082 sending message 105 to peer 0x5610fb9d0930 (70 bytes)
1764469640.647083 sending message 105 to peer 0x5610fb9d0930 (21 bytes)
1764469640.647083 sending message 105 to peer 0x5610fb9d0930 (19 bytes)
1764469640.647084 sending message 105 to peer 0x5610fb9d0930 (33 bytes)
1764469640.647085 sending message 105 to peer 0x5610fb9d0930 (18 bytes)
1764469640.647086 sending message 105 to peer 0x5610fb9d0930 (25 bytes)
1764469640.647087 sending message 105 to peer 0x5610fb9d0930 (36 bytes)
1764469640.647088 sending message 105 to peer 0x5610fb9d0930 (13 bytes)
1764469640.647089 sending message 105 to peer 0x5610fb9d0930 (62 bytes)
1764469640.647090 sending message 105 to peer 0x5610fb9d0930 (14 bytes)
1764469640.647091 sending message 105 to peer 0x5610fb9d0930 (124 bytes)
1764469640.647092 sending message 105 to peer 0x5610fb9d0930 (47 bytes)
1764469640.647093 sending message 105 to peer 0x5610fb9d0930 (26 bytes)
1764469640.647094 sending message 105 to peer 0x5610fb9d0930 (16 bytes)
1764469640.647095 sending message 105 to peer 0x5610fb9d0930 (20 bytes)
1764469640.647096 sending message 105 to peer 0x5610fb9d0930 (37 bytes)
1764469640.647097 sending message 105 to peer 0x5610fb9d0930 (25 bytes)
1764469640.647098 sending message 105 to peer 0x5610fb9d0930 (39 bytes)
1764469640.647099 sending message 105 to peer 0x5610fb9d0930 (29 bytes)
1764469640.647100 sending message 105 to peer 0x5610fb9d0930 (42 bytes)
1764469640.647101 sending message 105 to peer 0x5610fb9d0930 (42 bytes)
1764469640.647102 sending message 105 to peer 0x5610fb9d0930 (26 bytes)
1764469640.647103 sending message 105 to peer 0x5610fb9d0930 (31 bytes)
1764469640.647104 sending message 105 to peer 0x5610fb9d0930 (15 bytes)
1764469640.647105 sending message 105 to peer 0x5610fb9d0930 (23 bytes)
1764469640.647106 sending message 105 to peer 0x5610fb9d0930 (29 bytes)
1764469640.647106 sending message 105 to peer 0x5610fb9d0930 (17 bytes)
1764469640.647107 sending message 105 to peer 0x5610fb9d0930 (25 bytes)
1764469640.647108 sending message 105 to peer 0x5610fb9d0930 (43 bytes)
1764469640.647109 sending message 105 to peer 0x5610fb9d0930 (11 bytes)
1764469640.647110 sending message 105 to peer 0x5610fb9d0930 (30 bytes)
1764469640.647111 sending message 105 to peer 0x5610fb9d0930 (16 bytes)
1764469640.647113 sending message 105 to peer 0x5610fb9d0930 (30 bytes)
1764469640.647114 sending message 106 to peer 0x5610fb9d0930 (0 bytes)
1764469640.647137 sending message 200 to peer 0x5610fb9d0930 (4 bytes)
1764469640.647138 client loop enter
1764469640.647309 peer 0x5610fb9d0930 message 303
1764469640.647312 open write file 2 -
1764469640.647318 sending message 305 to peer 0x5610fb9d0930 (8 bytes)
1764469640.647325 write check file 2
1764469640.647407 peer 0x5610fb9d0930 message 304
1764469640.647410 write 58 to file 2
1764469640.647419 peer 0x5610fb9d0930 message 203
1764469640.647421 file 2 58 bytes left
1764469640.647426 write check file 2
1764469640.647427 client loop exit
